#At time x process y state arr w total z remain y wait k
 head was 1 
At time 1 process 2 started arr 1 total 10 remain 10 wait 0
 head was 2 
 head was 2 
 head was 2 
At time 5 process 2 stopped arr 1 total 10 remain 6 wait 0
At time 5 process 3 started arr 5 total 10 remain 10 wait 0
At time 9 process 3 stopped arr 5 total 10 remain 6 wait 0
At time 9 process 4 started arr 5 total 10 remain 10 wait 4
At time 13 process 4 stopped arr 5 total 10 remain 6 wait 4
At time 13 process 5 started arr 5 total 10 remain 10 wait 8
At time 17 process 5 stopped arr 5 total 10 remain 6 wait 8
At time 17 process 2 resumed arr 1 total 10 remain 6 wait 12
At time 21 process 2 stopped arr 1 total 10 remain 2 wait 12
At time 21 process 3 resumed arr 5 total 10 remain 6 wait 12
At time 25 process 3 stopped arr 5 total 10 remain 2 wait 12
At time 25 process 4 resumed arr 5 total 10 remain 6 wait 16
At time 29 process 4 stopped arr 5 total 10 remain 2 wait 16
At time 29 process 5 resumed arr 5 total 10 remain 6 wait 20
At time 33 process 5 stopped arr 5 total 10 remain 2 wait 20
At time 33 process 2 resumed arr 1 total 10 remain 2 wait 24
At time 35 process 2 finished arr 1 total 10 remain 0 wait 24 TA 34 WTA 3.40
At time 35 process 3 resumed arr 5 total 10 remain 2 wait 22
At time 37 process 3 finished arr 5 total 10 remain 0 wait 22 TA 32 WTA 3.20
At time 37 process 4 resumed arr 5 total 10 remain 2 wait 24
At time 39 process 4 finished arr 5 total 10 remain 0 wait 24 TA 34 WTA 3.40
At time 39 process 5 resumed arr 5 total 10 remain 2 wait 26
At time 41 process 5 finished arr 5 total 10 remain 0 wait 26 TA 36 WTA 3.60
